Log file open, 03/05/19 06:38:58
LogWindows: Failed to load 'aqProf.dll' (GetLastError=126)
LogWindows: File 'aqProf.dll' does not exist
LogWindows: Failed to load 'VSPerf140.dll' (GetLastError=126)
LogWindows: File 'VSPerf140.dll' does not exist
LogWindows: Failed to load 'VtuneApi.dll' (GetLastError=126)
LogWindows: File 'VtuneApi.dll' does not exist
LogWindows: Failed to load 'VtuneApi32e.dll' (GetLastError=126)
LogWindows: File 'VtuneApi32e.dll' does not exist
LogInit: Display: Running engine for game: UE4Tutorial
LogPlatformFile: Not using cached read wrapper
LogTaskGraph: Started task graph with 5 named threads and 23 total threads with 3 sets of task threads.
LogStats: Stats thread started at 0.259713
LogD3D11RHI: Loaded GFSDK_Aftermath_Lib.x64.dll
LogICUInternationalization: Display: ICU TimeZone Detection - Raw Offset: +10:00, Platform Override: ''
LogPluginManager: Mounting plugin Paper2D
LogPluginManager: Mounting plugin AISupport
LogPluginManager: Mounting plugin LightPropagationVolume
LogPluginManager: Mounting plugin CLionSourceCodeAccess
LogPluginManager: Mounting plugin CodeLiteSourceCodeAccess
LogPluginManager: Mounting plugin GitSourceControl
LogPluginManager: Mounting plugin KDevelopSourceCodeAccess
LogPluginManager: Mounting plugin NullSourceCodeAccess
LogPluginManager: Mounting plugin PerforceSourceControl
LogPluginManager: Mounting plugin SubversionSourceControl
LogPluginManager: Mounting plugin UObjectPlugin
LogPluginManager: Mounting plugin VisualStudioCodeSourceCodeAccess
LogPluginManager: Mounting plugin VisualStudioSourceCodeAccess
LogPluginManager: Mounting plugin XCodeSourceCodeAccess
LogPluginManager: Mounting plugin AssetManagerEditor
LogPluginManager: Mounting plugin CryptoKeys
LogPluginManager: Mounting plugin DataValidation
LogPluginManager: Mounting plugin FacialAnimation
LogPluginManager: Mounting plugin GameplayTagsEditor
LogPluginManager: Mounting plugin MacGraphicsSwitching
LogPluginManager: Mounting plugin MeshEditor
LogPluginManager: Mounting plugin MobileLauncherProfileWizard
LogPluginManager: Mounting plugin PluginBrowser
LogPluginManager: Mounting plugin SpeedTreeImporter
LogPluginManager: Mounting plugin DatasmithContent
LogPluginManager: Mounting plugin AlembicImporter
LogPluginManager: Mounting plugin AppleImageUtils
LogPluginManager: Mounting plugin AppleVision
LogPluginManager: Mounting plugin BackChannel
LogPluginManager: Mounting plugin CharacterAI
LogPluginManager: Mounting plugin GeometryCache
LogPluginManager: Mounting plugin HTML5Networking
LogPluginManager: Mounting plugin ProxyLODPlugin
LogPluginManager: Mounting plugin MagicLeap
LogPluginManager: Mounting plugin MagicLeapEmulator
LogPluginManager: Mounting plugin MagicLeapMedia
LogPluginManager: Mounting plugin AndroidMedia
LogPluginManager: Mounting plugin AvfMedia
LogPluginManager: Mounting plugin ImgMedia
LogPluginManager: Mounting plugin LinearTimecode
LogPluginManager: Mounting plugin MediaCompositing
LogPluginManager: Mounting plugin MediaPlayerEditor
LogPluginManager: Mounting plugin WmfMedia
LogPluginManager: Mounting plugin TcpMessaging
LogPluginManager: Mounting plugin UdpMessaging
LogPluginManager: Mounting plugin ActorSequence
LogPluginManager: Mounting plugin LevelSequenceEditor
LogPluginManager: Mounting plugin MatineeToLevelSequence
LogPluginManager: Mounting plugin NetcodeUnitTest
LogPluginManager: Mounting plugin NUTUnrealEngine4
LogPluginManager: Mounting plugin OnlineSubsystemGooglePlay
LogPluginManager: Mounting plugin OnlineSubsystemIOS
LogPluginManager: Mounting plugin OnlineSubsystem
LogPluginManager: Mounting plugin OnlineSubsystemNull
LogPluginManager: Mounting plugin OnlineSubsystemUtils
LogPluginManager: Mounting plugin LauncherChunkInstaller
LogPluginManager: Mounting plugin AndroidDeviceProfileSelector
LogPluginManager: Mounting plugin AndroidMoviePlayer
LogPluginManager: Mounting plugin AndroidPermission
LogPluginManager: Mounting plugin AppleMoviePlayer
LogPluginManager: Mounting plugin ArchVisCharacter
LogPluginManager: Mounting plugin AudioCapture
LogPluginManager: Mounting plugin CableComponent
LogPluginManager: Mounting plugin CustomMeshComponent
LogPluginManager: Mounting plugin EditableMesh
LogPluginManager: Mounting plugin ExampleDeviceProfileSelector
LogPluginManager: Mounting plugin GoogleCloudMessaging
LogPluginManager: Mounting plugin ImmediatePhysics
LogPluginManager: Mounting plugin IOSDeviceProfileSelector
LogPluginManager: Mounting plugin LinuxDeviceProfileSelector
LogPluginManager: Mounting plugin LocationServicesBPLibrary
LogPluginManager: Mounting plugin MobilePatchingUtils
LogPluginManager: Mounting plugin OculusVR
LogPluginManager: Plugin shader directory ../../../Engine/Plugins/Runtime/Oculus/OculusVR/Shaders found
LogPluginManager: Mapping shader source directory ../../../Engine/Plugins/Runtime/Oculus/OculusVR/Shaders to virtual directory /Plugin/OculusVR
LogPluginManager: Mounting plugin PhysXVehicles
LogPluginManager: Mounting plugin ProceduralMeshComponent
LogPluginManager: Mounting plugin RuntimePhysXCooking
LogPluginManager: Mounting plugin SteamVR
LogPluginManager: Mounting plugin WindowsMoviePlayer
LogStreaming: Display: Took  0.106s to configure plugins.
LogInit: Using libcurl 7.55.1-DEV
LogInit:  - built for x86_64-pc-win32
LogInit:  - supports SSL with OpenSSL/1.0.2h
LogInit:  - supports HTTP deflate (compression) using libz 1.2.8
LogInit:  - other features:
LogInit:      CURL_VERSION_SSL
LogInit:      CURL_VERSION_LIBZ
LogInit:      CURL_VERSION_IPV6
LogInit:      CURL_VERSION_ASYNCHDNS
LogInit:      CURL_VERSION_LARGEFILE
LogInit:      CURL_VERSION_IDN
LogInit:  CurlRequestOptions (configurable via config and command line):
LogInit:  - bVerifyPeer = false  - Libcurl will NOT verify peer certificate
LogInit:  - bUseHttpProxy = false  - Libcurl will NOT use HTTP proxy
LogInit:  - bDontReuseConnections = false  - Libcurl will reuse connections
LogInit:  - CertBundlePath = nullptr  - Libcurl will use whatever was configured at build time.
LogInit:  - MaxHostConnections = 16  - Libcurl will limit the number of connections to a host
LogInit:  - LocalHostAddr = Default
LogInit:  - BufferSize = 65536
LogInit: WinSock: version 1.1 (2.2), MaxSocks=32767, MaxUdp=65467
LogInit: Build: ++UE4+Release-4.20-CL-4233996
LogInit: Engine Version: 4.20.1-4233996+++UE4+Release-4.20
LogInit: Compatible Engine Version: 4.20.0-4212847+++UE4+Release-4.20
LogInit: Net CL: 4212847
LogInit: OS: Windows 10 (), CPU: Intel(R) Core(TM) i7-6700K CPU @ 4.00GHz, GPU: NVIDIA GeForce GTX 1070
LogInit: Compiled (64-bit): Jul 26 2018 10:07:30
LogInit: Compiled with Visual C++: 19.13.26129.00
LogInit: Build Configuration: Development
LogInit: Branch Name: ++UE4+Release-4.20
LogInit: Command Line: -EpicPortal  -epicusername="Nerbz" -epicuserid=6d94bce49b5245c7969739d48997bea8 -epiclocale=en-US
LogInit: Base Directory: D:/EpicGamesInstaller/Fortnite/UE_4.20/Engine/Binaries/Win64/
LogInit: Installed Engine Build: 1
LogDevObjectVersion: Number of dev versions registered: 20
LogDevObjectVersion:   Dev-Blueprints (B0D832E4-1F89-4F0D-ACCF-7EB736FD4AA2): 10
LogDevObjectVersion:   Dev-Build (E1C64328-A22C-4D53-A36C-8E866417BD8C): 0
LogDevObjectVersion:   Dev-Core (375EC13C-06E4-48FB-B500-84F0262A717E): 2
LogDevObjectVersion:   Dev-Editor (E4B068ED-F494-42E9-A231-DA0B2E46BB41): 24
LogDevObjectVersion:   Dev-Framework (CFFC743F-43B0-4480-9391-14DF171D2073): 34
LogDevObjectVersion:   Dev-Mobile (B02B49B5-BB20-44E9-A304-32B752E40360): 2
LogDevObjectVersion:   Dev-Networking (A4E4105C-59A1-49B5-A7C5-40C4547EDFEE): 0
LogDevObjectVersion:   Dev-Online (39C831C9-5AE6-47DC-9A44-9C173E1C8E7C): 0
LogDevObjectVersion:   Dev-Physics (78F01B33-EBEA-4F98-B9B4-84EACCB95AA2): 0
LogDevObjectVersion:   Dev-Platform (6631380F-2D4D-43E0-8009-CF276956A95A): 0
LogDevObjectVersion:   Dev-Rendering (12F88B9F-8875-4AFC-A67C-D90C383ABD29): 26
LogDevObjectVersion:   Dev-Sequencer (7B5AE74C-D270-4C10-A958-57980B212A5A): 9
LogDevObjectVersion:   Dev-VR (D7296918-1DD6-4BDD-9DE2-64A83CC13884): 2
LogDevObjectVersion:   Dev-LoadTimes (C2A15278-BFE7-4AFE-6C17-90FF531DF755): 1
LogDevObjectVersion:   Private-Geometry (6EACA3D4-40EC-4CC1-B786-8BED09428FC5): 3
LogDevObjectVersion:   Dev-AnimPhys (29E575DD-E0A3-4627-9D10-D276232CDCEA): 17
LogDevObjectVersion:   Dev-ReflectionCapture (6B266CEC-1EC7-4B8F-A30B-E4D90942FC07): 1
LogDevObjectVersion:   Dev-Automation (0DF73D61-A23F-47EA-B727-89E90C41499A): 1
LogDevObjectVersion:   FortniteMain (601D1886-AC64-4F84-AA16-D3DE0DEAC7D6): 12
LogDevObjectVersion:   Dev-Enterprise (9DFFBCD6-494F-0158-E221-12823C92A888): 1
LogStreaming: Display: Took  0.000s to delete old logs.
LogInit: Presizing for max 8388607 objects, including 0 objects not considered by GC, pre-allocating 0 bytes for permanent pool.
LogInit: Object subsystem initialized
[2019.03.04-19.38.58:908][  0]LogInit: Selected Device Profile: [Windows]
[2019.03.04-19.38.58:908][  0]LogInit: Applying CVar settings loaded from the selected device profile: [Windows]
[2019.03.04-19.38.58:937][  0]LogHAL: Display: Platform has ~ 16 GB [17133142016 / 17179869184 / 16], which maps to Larger [LargestMinGB=32, LargerMinGB=12, DefaultMinGB=8, SmallerMinGB=6, SmallestMinGB=0)
[2019.03.04-19.38.58:937][  0]LogInit: Setting Device Profile CVar: [[r.Vulkan.UseRealUBs:1]]
[2019.03.04-19.38.58:937][  0]LogInit: Going up to parent DeviceProfile []
[2019.03.04-19.38.58:937][  0]LogInit: Computer: DESKTOP-9PFQH9T
[2019.03.04-19.38.58:937][  0]LogInit: User: N
[2019.03.04-19.38.58:937][  0]LogInit: CPU Page size=4096, Cores=4
[2019.03.04-19.38.58:937][  0]LogInit: High frequency timer resolution =3.914066 MHz
[2019.03.04-19.38.58:937][  0]LogMemory: Memory total: Physical=16.0GB (16GB approx)
[2019.03.04-19.38.58:937][  0]LogMemory: Platform Memory Stats for Windows
[2019.03.04-19.38.58:937][  0]LogMemory: Process Physical Memory: 99.26 MB used, 99.26 MB peak
[2019.03.04-19.38.58:937][  0]LogMemory: Process Virtual Memory: 90.95 MB used, 90.95 MB peak
[2019.03.04-19.38.58:937][  0]LogMemory: Physical Memory: 5726.26 MB used,  10613.18 MB free, 16339.44 MB total
[2019.03.04-19.38.58:937][  0]LogMemory: Virtual Memory: 4645.14 MB used,  10613.18 MB free, 134217728.00 MB total
[2019.03.04-19.38.58:952][  0]LogInit: Using OS detected language (en-US).
[2019.03.04-19.38.58:952][  0]LogInit: Using OS detected locale (en-US).
[2019.03.04-19.38.58:953][  0]LogTextLocalizationManager: No specific localization for 'en-US' exists, so the 'en' localization will be used.
[2019.03.04-19.38.59:260][  0]LogStreaming: Display: Took  0.308s to InitEngineTextLocalization.
[2019.03.04-19.38.59:273][  0]LogSlate: New Slate User Created.  User Index 0, Is Virtual User: 0
[2019.03.04-19.38.59:273][  0]LogSlate: Slate User Registered.  User Index 0, Is Virtual User: 0
[2019.03.04-19.38.59:407][  0]LogHMD: Failed to initialize OpenVR with code 110
[2019.03.04-19.38.59:407][  0]LogD3D11RHI: D3D11 adapters:
[2019.03.04-19.38.59:450][  0]LogD3D11RHI:    0. 'NVIDIA GeForce GTX 1070' (Feature Level 11_0)
[2019.03.04-19.38.59:450][  0]LogD3D11RHI:       8088/0/8169 MB DedicatedVideo/DedicatedSystem/SharedSystem, Outputs:2, VendorId:0x10de
[2019.03.04-19.38.59:452][  0]LogD3D11RHI:    1. 'Microsoft Basic Render Driver' (Feature Level 11_0)
[2019.03.04-19.38.59:452][  0]LogD3D11RHI:       0/0/8169 MB DedicatedVideo/DedicatedSystem/SharedSystem, Outputs:0, VendorId:0x1414
[2019.03.04-19.38.59:452][  0]LogD3D11RHI: Chosen D3D11 Adapter: 0
[2019.03.04-19.38.59:458][  0]LogD3D11RHI: Creating new Direct3DDevice
[2019.03.04-19.38.59:458][  0]LogD3D11RHI:     GPU DeviceId: 0x1b81 (for the marketing name, search the web for "GPU Device Id")
[2019.03.04-19.38.59:458][  0]LogWindows: EnumDisplayDevices:
[2019.03.04-19.38.59:458][  0]LogWindows:    0. 'NVIDIA GeForce GTX 1070' (P:1 D:1)
[2019.03.04-19.38.59:459][  0]LogWindows:    1. 'NVIDIA GeForce GTX 1070' (P:0 D:1)
[2019.03.04-19.38.59:459][  0]LogWindows:    2. 'NVIDIA GeForce GTX 1070' (P:0 D:0)
[2019.03.04-19.38.59:459][  0]LogWindows:    3. 'NVIDIA GeForce GTX 1070' (P:0 D:0)
[2019.03.04-19.38.59:459][  0]LogWindows: DebugString: FoundDriverCount:4 
[2019.03.04-19.38.59:459][  0]LogD3D11RHI:     Adapter Name: NVIDIA GeForce GTX 1070
[2019.03.04-19.38.59:459][  0]LogD3D11RHI:   Driver Version: 416.34 (internal:25.21.14.1634, unified:416.34)
[2019.03.04-19.38.59:459][  0]LogD3D11RHI:      Driver Date: 10-10-2018
[2019.03.04-19.38.59:459][  0]LogRHI: Texture pool is 5661 MB (70% of 8088 MB)
[2019.03.04-19.38.59:487][  0]LogD3D11RHI: Async texture creation enabled
[2019.03.04-19.38.59:560][  0]LogD3D11RHI: GPU Timing Frequency: 1000.000000 (Debug: 2 2)
[2019.03.04-19.38.59:610][  0]LogShaderCompilers: Guid format shader working directory is -21 characters bigger than the processId version (../../../../../../Repos/UnrealTutorial/UnrealFiles/UE4Tutorial/Intermediate/Shaders/WorkingDirectory/12496/).
[2019.03.04-19.38.59:610][  0]LogShaderCompilers: Cleaned the shader compiler working directory 'C:/Users/N/AppData/Local/Temp/UnrealShaderWorkingDir/05EE455D4D530DCDC413238BA912B1BD/'.
[2019.03.04-19.38.59:808][  0]LogTemp: Display: Loaded TP AllDesktopTargetPlatform
[2019.03.04-19.38.59:818][  0]LogTemp: Display: Loaded TP MacClientTargetPlatform
[2019.03.04-19.38.59:827][  0]LogTemp: Display: Loaded TP MacNoEditorTargetPlatform
[2019.03.04-19.38.59:836][  0]LogTemp: Display: Loaded TP MacServerTargetPlatform
[2019.03.04-19.38.59:846][  0]LogTemp: Display: Loaded TP MacTargetPlatform
[2019.03.04-19.38.59:855][  0]LogTemp: Display: Loaded TP WindowsClientTargetPlatform
[2019.03.04-19.38.59:863][  0]LogTemp: Display: Loaded TP WindowsNoEditorTargetPlatform
[2019.03.04-19.38.59:874][  0]LogTemp: Display: Loaded TP WindowsServerTargetPlatform
[2019.03.04-19.38.59:879][  0]LogTemp: Display: Loaded TP WindowsTargetPlatform
[2019.03.04-19.38.59:939][  0]LogTemp: Display: Loaded TP AndroidTargetPlatform
[2019.03.04-19.38.59:939][  0]LogTemp: Display: Loaded TP AndroidTargetPlatform
[2019.03.04-19.38.59:939][  0]LogTemp: Display: Loaded TP AndroidTargetPlatform
[2019.03.04-19.38.59:939][  0]LogTemp: Display: Loaded TP AndroidTargetPlatform
[2019.03.04-19.38.59:939][  0]LogTemp: Display: Loaded TP AndroidTargetPlatform
[2019.03.04-19.38.59:939][  0]LogTemp: Display: Loaded TP AndroidTargetPlatform
[2019.03.04-19.38.59:939][  0]LogTemp: Display: Loaded TP AndroidTargetPlatform
[2019.03.04-19.38.59:939][  0]LogTemp: Display: Loaded TP AndroidTargetPlatform
[2019.03.04-19.38.59:939][  0]LogTemp: Display: Loaded TP AndroidTargetPlatform
[2019.03.04-19.38.59:939][  0]LogTemp: Display: Loaded TP AndroidTargetPlatform
[2019.03.04-19.38.59:939][  0]LogTemp: Display: Loaded TP AndroidTargetPlatform
[2019.03.04-19.38.59:939][  0]LogTemp: Display: Loaded TP AndroidTargetPlatform
[2019.03.04-19.38.59:939][  0]LogTemp: Display: Loaded TP AndroidTargetPlatform
[2019.03.04-19.38.59:939][  0]LogTemp: Display: Loaded TP AndroidTargetPlatform
[2019.03.04-19.38.59:939][  0]LogTemp: Display: Loaded TP AndroidTargetPlatform
[2019.03.04-19.38.59:939][  0]LogTemp: Display: Loaded TP AndroidTargetPlatform
[2019.03.04-19.38.59:939][  0]LogTemp: Display: Loaded TP AndroidTargetPlatform
[2019.03.04-19.38.59:939][  0]LogTemp: Display: Loaded TP AndroidTargetPlatform
[2019.03.04-19.38.59:940][  0]LogTemp: Display: Loaded TP HTML5TargetPlatform
[2019.03.04-19.38.59:992][  0]LogTemp: Display: Loaded TP IOSTargetPlatform
[2019.03.04-19.38.59:992][  0]LogTemp: Display: Loaded TP IOSTargetPlatform
[2019.03.04-19.39.00:010][  0]LogTemp: Display: Loaded TP TVOSTargetPlatform
[2019.03.04-19.39.00:010][  0]LogTemp: Display: Loaded TP TVOSTargetPlatform
[2019.03.04-19.39.00:019][  0]LogTemp: Display: Loaded TP LinuxClientTargetPlatform
[2019.03.04-19.39.00:029][  0]LogTemp: Display: Loaded TP LinuxNoEditorTargetPlatform
[2019.03.04-19.39.00:040][  0]LogTemp: Display: Loaded TP LinuxServerTargetPlatform
[2019.03.04-19.39.00:049][  0]LogTemp: Display: Loaded TP LinuxTargetPlatform
[2019.03.04-19.39.00:056][  0]LogTemp: Display: Loaded TP LuminTargetPlatform
[2019.03.04-19.39.00:056][  0]LogTargetPlatformManager: Display: Building Assets For Windows
[2019.03.04-19.39.00:093][  0]LogXGEController: Cannot use XGE Controller as Incredibuild is not installed on this machine.
[2019.03.04-19.39.00:093][  0]LogShaderCompilers: Cannot use XGE Shader Compiler as Incredibuild is not installed on this machine.
[2019.03.04-19.39.00:093][  0]LogShaderCompilers: Display: Using Local Shader Compiler.
[2019.03.04-19.39.00:670][  0]LogDerivedDataCache: Display: Max Cache Size: 512 MB
[2019.03.04-19.39.00:724][  0]LogDerivedDataCache: Loaded boot cache 0.04s 71MB C:/Users/N/AppData/Local/UnrealEngine/4.20/DerivedDataCache/Boot.ddc.
[2019.03.04-19.39.00:724][  0]LogDerivedDataCache: Display: Loaded Boot cache: C:/Users/N/AppData/Local/UnrealEngine/4.20/DerivedDataCache/Boot.ddc
[2019.03.04-19.39.00:724][  0]LogDerivedDataCache: FDerivedDataBackendGraph:  Pak pak cache file ../../../../../../Repos/UnrealTutorial/UnrealFiles/UE4Tutorial/DerivedDataCache/DDC.ddp not found, will not use a pak cache.
[2019.03.04-19.39.00:724][  0]LogDerivedDataCache: Unable to find inner node Pak for hierarchical cache Hierarchy.
[2019.03.04-19.39.00:724][  0]LogDerivedDataCache: FDerivedDataBackendGraph:  CompressedPak pak cache file ../../../../../../Repos/UnrealTutorial/UnrealFiles/UE4Tutorial/DerivedDataCache/Compressed.ddp not found, will not use a pak cache.
[2019.03.04-19.39.00:724][  0]LogDerivedDataCache: Unable to find inner node CompressedPak for hierarchical cache Hierarchy.
[2019.03.04-19.39.00:734][  0]LogDerivedDataCache: Display: Pak cache opened for reading ../../../Engine/DerivedDataCache/Compressed.ddp.
[2019.03.04-19.39.00:746][  0]LogDerivedDataCache: Using Local data cache path C:/Users/N/AppData/Local/UnrealEngine/Common/DerivedDataCache: Writable
[2019.03.04-19.39.00:746][  0]LogDerivedDataCache: Shared data cache path not found in *engine.ini, will not use an Shared cache.
[2019.03.04-19.39.00:746][  0]LogDerivedDataCache: Unable to find inner node Shared for hierarchical cache Hierarchy.
[2019.03.04-19.39.00:760][  0]LogMaterial: Verifying Global Shaders for PCD3D_SM5
[2019.03.04-19.39.00:762][  0]LogSlate: Using FreeType 2.6.0
[2019.03.04-19.39.00:762][  0]LogSlate: SlateFontServices - WITH_FREETYPE: 1, WITH_HARFBUZZ: 1
[2019.03.04-19.39.00:822][  0]LogAssetRegistry: FAssetRegistry took 0.0253 seconds to start up
[2019.03.04-19.39.01:063][  0]LogInit: Selected Device Profile: [Windows]
[2019.03.04-19.39.01:163][  0]LogSimplygon: Simplygon DLL not present - disabling.
[2019.03.04-19.39.01:165][  0]LogMeshReduction: Using SimplygonSwarm for distributed automatic mesh merging
[2019.03.04-19.39.01:165][  0]LogMeshReduction: Using ProxyLODMeshReduction for automatic mesh merging
[2019.03.04-19.39.01:165][  0]LogMeshReduction: Using QuadricMeshReduction for automatic static mesh reduction
[2019.03.04-19.39.01:165][  0]LogMeshReduction: No automatic skeletal mesh reduction module available
[2019.03.04-19.39.01:178][  0]LogNetVersion: UE4Tutorial 1.0.0, NetCL: 4212847, EngineNetVer: 5, GameNetVer: 0 (Checksum: 2478566419)
[2019.03.04-19.39.01:592][  0]LogPackageLocalizationCache: Processed 11 localized package path(s) for 2 prioritized culture(s) in 0.102785 seconds
[2019.03.04-19.39.01:598][  0]LogUObjectArray: 38425 objects as part of root set at end of initial load.
[2019.03.04-19.39.01:598][  0]LogUObjectAllocator: 6690864 out of 0 bytes used by permanent object pool.
[2019.03.04-19.39.01:598][  0]LogUObjectArray: CloseDisregardForGC: 0/0 objects in disregard for GC pool
[2019.03.04-19.39.02:230][  0]LogTcpMessaging: Initializing TcpMessaging bridge
[2019.03.04-19.39.02:243][  0]LogUdpMessaging: Initializing bridge on interface 0.0.0.0:0 to multicast group 230.0.0.1:6666.
[2019.03.04-19.39.02:407][  0]SourceControl: Source control is disabled
[2019.03.04-19.39.02:407][  0]SourceControl: Source control is disabled
[2019.03.04-19.39.02:408][  0]SourceControl: Source control is disabled
[2019.03.04-19.39.02:409][  0]SourceControl: Source control is disabled
[2019.03.04-19.39.02:542][  0]LogAndroidPermission: UAndroidPermissionCallbackProxy::GetInstance
[2019.03.04-19.39.02:588][  0]LogOcInput: OculusInput pre-init called
[2019.03.04-19.39.02:634][  0]LogEngine: Initializing Engine...
[2019.03.04-19.39.02:635][  0]LogHMD: Failed to initialize OpenVR with code 110
[2019.03.04-19.39.02:636][  0]LogStats: UGameplayTagsManager::ConstructGameplayTagTree: ImportINI prefixes -  0.000 s
[2019.03.04-19.39.02:636][  0]LogStats: UGameplayTagsManager::ConstructGameplayTagTree: Construct from data asset -  0.000 s
[2019.03.04-19.39.02:636][  0]LogStats: UGameplayTagsManager::ConstructGameplayTagTree: ImportINI -  0.000 s
[2019.03.04-19.39.02:636][  0]LogStats: UGameplayTagsManager::ConstructGameplayTagTree: GameplayTagTreeChangedEvent.Broadcast -  0.000 s
[2019.03.04-19.39.02:793][  0]LogInit: Initializing FReadOnlyCVARCache
[2019.03.04-19.39.02:801][  0]LogAIModule: Creating AISystem for world Untitled
[2019.03.04-19.39.02:813][  0]LogInit: XAudio2 using 'Speakers (High Definition Audio Device)' : 2 channels at 44.1 kHz using 16 bits per sample (channel mask 0x3)
[2019.03.04-19.39.02:825][  0]LogInit: FAudioDevice initialized.
[2019.03.04-19.39.02:825][  0]LogNetVersion: Set ProjectVersion to 1.0.0.0. Version Checksum will be recalculated on next use.
[2019.03.04-19.39.02:893][  0]LogDerivedDataCache: Saved boot cache 0.07s 71MB C:/Users/N/AppData/Local/UnrealEngine/4.20/DerivedDataCache/Boot.ddc.
[2019.03.04-19.39.02:896][  0]LogInit: Texture streaming: Enabled
[2019.03.04-19.39.02:904][  0]LogEngineSessionManager: EngineSessionManager initialized
[2019.03.04-19.39.02:912][  0]LogInit: Transaction tracking system initialized
[2019.03.04-19.39.02:922][  0]BlueprintLog: New page: Editor Load
[2019.03.04-19.39.02:966][  0]LocalizationService: Localization service is disabled
[2019.03.04-19.39.03:205][  0]LogCook: Display: Max memory allowance for cook 16384mb min free memory 0mb
[2019.03.04-19.39.03:205][  0]LogCook: Display: Mobile HDR setting 1
[2019.03.04-19.39.03:205][  0]LogGameplayTags: Display: UGameplayTagsManager::DoneAddingNativeTags. DelegateIsBound: 0
[2019.03.04-19.39.03:205][  0]LogStats: UGameplayTagsManager::ConstructGameplayTagTree: ImportINI prefixes -  0.000 s
[2019.03.04-19.39.03:205][  0]LogStats: UGameplayTagsManager::ConstructGameplayTagTree: Construct from data asset -  0.000 s
[2019.03.04-19.39.03:205][  0]LogStats: UGameplayTagsManager::ConstructGameplayTagTree: ImportINI -  0.000 s
[2019.03.04-19.39.03:205][  0]LogStats: UGameplayTagsManager::ConstructGameplayTagTree: GameplayTagTreeChangedEvent.Broadcast -  0.000 s
[2019.03.04-19.39.03:275][  0]LogFileCache: Scanning file cache for directory 'D:/Repos/UnrealTutorial/UnrealFiles/UE4Tutorial/Content/' took 0.02s
[2019.03.04-19.39.03:275][  0]SourceControl: Source control is disabled
[2019.03.04-19.39.03:276][  0]Cmd: MAP LOAD FILE="../../../../../../Repos/UnrealTutorial/UnrealFiles/UE4Tutorial/Content/FirstPersonBP/Maps/FirstPersonExampleMap.umap" TEMPLATE=0 SHOWPROGRESS=1 FEATURELEVEL=3
[2019.03.04-19.39.03:302][  0]LightingResults: New page: Lighting Build
[2019.03.04-19.39.03:304][  0]MapCheck: New page: Map Check
[2019.03.04-19.39.03:304][  0]LightingResults: New page: Lighting Build
[2019.03.04-19.39.04:620][  0]LogAIModule: Creating AISystem for world FirstPersonExampleMap
[2019.03.04-19.39.04:629][  0]LogEditorServer: Finished looking for orphan Actors (0.000 secs)
[2019.03.04-19.39.04:650][  0]Cmd: MAP CHECKDEP NOCLEARLOG
[2019.03.04-19.39.04:691][  0]MapCheck: Map check complete: 0 Error(s), 0 Warning(s), took 41.259ms to complete.
[2019.03.04-19.39.04:691][  0]LogFileHelpers: Loading map 'FirstPersonExampleMap' took 1.415
[2019.03.04-19.39.05:163][  0]LogSlate: Updating window title bar state: overlay mode, drag disabled, window buttons hidden, title bar hidden
[2019.03.04-19.39.05:168][  0]LogSlate: Updating window title bar state: overlay mode, drag disabled, window buttons hidden, title bar hidden
[2019.03.04-19.39.05:174][  0]LogSlate: Updating window title bar state: overlay mode, drag disabled, window buttons hidden, title bar hidden
[2019.03.04-19.39.05:180][  0]LogSlate: Updating window title bar state: overlay mode, drag disabled, window buttons hidden, title bar hidden
[2019.03.04-19.39.05:214][  0]LogCollectionManager: Loaded 0 collections in 0.000606 seconds
[2019.03.04-19.39.05:254][  0]LogFileCache: Scanning file cache for directory 'D:/Repos/UnrealTutorial/UnrealFiles/UE4Tutorial/Saved/Collections/' took 0.01s
[2019.03.04-19.39.05:254][  0]LogFileCache: Scanning file cache for directory 'D:/Repos/UnrealTutorial/UnrealFiles/UE4Tutorial/Content/Developers/N/Collections/' took 0.01s
[2019.03.04-19.39.05:254][  0]LogFileCache: Scanning file cache for directory 'D:/Repos/UnrealTutorial/UnrealFiles/UE4Tutorial/Content/Collections/' took 0.01s
[2019.03.04-19.39.05:254][  0]LogCollectionManager: Rebuilt the GUID cache for 0 collections in 0.000001 seconds
[2019.03.04-19.39.05:261][  0]LogContentBrowser: Native class hierarchy populated in 0.0071 seconds. Added 2572 classes and 603 folders.
[2019.03.04-19.39.05:265][  0]LogContentBrowser: Native class hierarchy updated for 'WidgetCarousel' in 0.0002 seconds. Added 0 classes and 0 folders.
[2019.03.04-19.39.05:771][  0]LogContentBrowser: Native class hierarchy updated for 'AddContentDialog' in 0.0002 seconds. Added 0 classes and 0 folders.
[2019.03.04-19.39.05:792][  0]LogContentBrowser: Native class hierarchy updated for 'SceneOutliner' in 0.0002 seconds. Added 1 classes and 2 folders.
[2019.03.04-19.39.05:804][  0]LogSlate: Took 0.000154 seconds to synchronously load lazily loaded font '../../../Engine/Content/Slate/Fonts/Roboto-Regular.ttf' (155K)
[2019.03.04-19.39.05:806][  0]LogSlate: Took 0.000162 seconds to synchronously load lazily loaded font '../../../Engine/Content/Slate/Fonts/Roboto-Bold.ttf' (160K)
[2019.03.04-19.39.05:816][  0]LogSlate: Took 0.006036 seconds to synchronously load lazily loaded font '../../../Engine/Content/Editor/Slate/Fonts/FontAwesome.ttf' (139K)
[2019.03.04-19.39.05:950][  0]LogRenderer: Reallocating scene render targets to support 1208x576 Format 10 NumSamples 1 (Frame:1).
[2019.03.04-19.39.06:036][  0]LogContentBrowser: Native class hierarchy updated for 'HierarchicalLODOutliner' in 0.0002 seconds. Added 0 classes and 0 folders.
[2019.03.04-19.39.06:036][  0]LogLoad: (Engine Initialization) Total time: 8.60 seconds
[2019.03.04-19.39.06:036][  0]LogLoad: (Engine Initialization) Total Blueprint compile time: 0.00 seconds
[2019.03.04-19.39.06:070][  0]LogContentStreaming: Texture pool size now 3000 MB
[2019.03.04-19.39.06:105][  0]LogSlate: Took 0.008994 seconds to synchronously load lazily loaded font '../../../Engine/Content/Slate/Fonts/Roboto-Light.ttf' (167K)
[2019.03.04-19.39.06:125][  1]LogAssetRegistry: Asset discovery search completed in 5.3254 seconds
[2019.03.04-19.39.06:126][  1]LogCollectionManager: Rebuilt the object cache for 0 collections in 0.000000 seconds (found 0 objects)
[2019.03.04-19.39.06:126][  1]LogCollectionManager: Fixed up redirectors for 0 collections in 0.000034 seconds (updated 0 objects)
[2019.03.04-19.39.07:457][  5]LogSlate: Took 0.000147 seconds to synchronously load lazily loaded font '../../../Engine/Content/Slate/Fonts/Roboto-Light.ttf' (167K)
[2019.03.04-19.40.29:127][249]LogSlate: FSceneViewport::OnFocusLost() reason 0
[2019.03.04-19.40.29:317][249]LogAssetEditorManager: Opening Asset editor for Material /Game/Materials/m_LandscapePractice.m_LandscapePractice
[2019.03.04-19.40.29:320][249]LogMaterial: Display: Missing cached shader map for material m_LandscapePractice, compiling. 
[2019.03.04-19.40.29:833][249]LogMaterial: Display: Missing cached shader map for material m_LandscapePractice, compiling. 
[2019.03.04-19.40.29:856][249]LogShaderCompilers: Display: Shaders left to compile 21
[2019.03.04-19.40.29:856][249]LogShaderCompilers: Display: Shaders left to compile 20
[2019.03.04-19.40.29:856][249]LogShaderCompilers: Display: Shaders left to compile 19
[2019.03.04-19.40.29:856][249]LogShaderCompilers: Display: Shaders left to compile 18
[2019.03.04-19.40.29:868][249]LogMaterial: Display: Missing cached shader map for material FMatExpressionPreview MaterialExpressionTextureSample_0, compiling. 
[2019.03.04-19.40.29:872][249]LogMaterial: Display: Missing cached shader map for material FMatExpressionPreview MaterialExpressionTextureSample_1, compiling. 
[2019.03.04-19.40.29:898][249]LogSlate: Took 0.008167 seconds to synchronously load lazily loaded font '../../../Engine/Content/Slate/Fonts/Roboto-BoldCondensed.ttf' (158K)
[2019.03.04-19.40.30:133][250]LogSlate: Took 0.006539 seconds to synchronously load lazily loaded font '../../../Engine/Content/Slate/Fonts/Roboto-Italic.ttf' (157K)
[2019.03.04-19.40.30:604][301]LogShaderCompilers: Display: Shaders left to compile 21
[2019.03.04-19.40.30:646][306]LogShaderCompilers: Display: Shaders left to compile 20
[2019.03.04-19.40.30:662][308]LogShaderCompilers: Display: Shaders left to compile 19
[2019.03.04-19.40.30:671][309]LogShaderCompilers: Display: Shaders left to compile 18
[2019.03.04-19.40.30:772][320]LogShaderCompilers: Display: Shaders left to compile 17
[2019.03.04-19.40.30:818][325]LogShaderCompilers: Display: Shaders left to compile 16
[2019.03.04-19.40.30:825][326]LogShaderCompilers: Display: Shaders left to compile 15
[2019.03.04-19.40.30:842][328]LogShaderCompilers: Display: Shaders left to compile 14
[2019.03.04-19.40.31:007][346]LogShaderCompilers: Display: Shaders left to compile 13
[2019.03.04-19.40.31:269][373]LogShaderCompilers: Display: Shaders left to compile 12
[2019.03.04-19.40.31:376][385]LogShaderCompilers: Display: Shaders left to compile 11
[2019.03.04-19.40.31:411][389]LogShaderCompilers: Display: Shaders left to compile 10
[2019.03.04-19.40.31:764][424]LogShaderCompilers: Display: Shaders left to compile 9
[2019.03.04-19.40.31:791][427]LogShaderCompilers: Display: Shaders left to compile 8
[2019.03.04-19.40.31:884][437]LogShaderCompilers: Display: Shaders left to compile 7
[2019.03.04-19.40.32:158][467]LogShaderCompilers: Display: Shaders left to compile 6
[2019.03.04-19.40.32:168][468]LogShaderCompilers: Display: Shaders left to compile 5
[2019.03.04-19.40.32:326][485]LogShaderCompilers: Display: Shaders left to compile 4
[2019.03.04-19.40.32:405][494]LogShaderCompilers: Display: Shaders left to compile 3
[2019.03.04-19.40.32:431][497]LogShaderCompilers: Display: Shaders left to compile 2
[2019.03.04-19.40.32:519][507]LogShaderCompilers: Display: Shaders left to compile 1
[2019.03.04-19.40.32:533][508]MaterialEditorStats: Base pass shader: 109 instructions
[2019.03.04-19.40.32:533][508]MaterialEditorStats: Base pass shader with Volumetric Lightmap: 182 instructions
[2019.03.04-19.40.32:533][508]MaterialEditorStats: Base pass vertex shader: 36 instructions
[2019.03.04-19.40.32:533][508]MaterialEditorStats: Texture samplers: 5/16
[2019.03.04-19.40.32:533][508]MaterialEditorStats: Texture Lookups (Est.): VS(0), PS(2)
[2019.03.04-19.40.32:533][508]MaterialEditorStats: User interpolators: 2/4 Scalars (1/4 Vectors) (TexCoords: 2, Custom: 0)
[2019.03.04-19.40.33:774][633]LogSlate: Window 'm_LandscapePractice' being destroyed
[2019.03.04-19.40.36:451][954]LogSlate: FSceneViewport::OnFocusLost() reason 0
[2019.03.04-19.41.06:854][700]LogMaterial: Display: Missing cached shader map for material m_LandscapePractice, compiling. 
[2019.03.04-19.41.06:866][700]LogMaterial: Display: Missing cached shader map for material m_LandscapePractice, compiling. 
[2019.03.04-19.41.06:879][701]LogShaderCompilers: Display: Shaders left to compile 21
[2019.03.04-19.41.06:879][701]LogShaderCompilers: Display: Shaders left to compile 20
[2019.03.04-19.41.06:879][701]LogShaderCompilers: Display: Shaders left to compile 19
[2019.03.04-19.41.06:879][701]LogShaderCompilers: Display: Shaders left to compile 18
[2019.03.04-19.41.07:368][760]LogShaderCompilers: Display: Shaders left to compile 17
[2019.03.04-19.41.07:410][765]LogShaderCompilers: Display: Shaders left to compile 16
[2019.03.04-19.41.07:410][765]LogShaderCompilers: Display: Shaders left to compile 15
[2019.03.04-19.41.07:418][766]LogShaderCompilers: Display: Shaders left to compile 14
[2019.03.04-19.41.07:525][779]LogShaderCompilers: Display: Shaders left to compile 13
[2019.03.04-19.41.07:559][783]LogShaderCompilers: Display: Shaders left to compile 12
[2019.03.04-19.41.07:567][784]LogShaderCompilers: Display: Shaders left to compile 11
[2019.03.04-19.41.07:575][785]LogShaderCompilers: Display: Shaders left to compile 10
[2019.03.04-19.41.07:676][797]LogShaderCompilers: Display: Shaders left to compile 9
[2019.03.04-19.41.07:802][812]LogShaderCompilers: Display: Shaders left to compile 8
[2019.03.04-19.41.07:936][828]LogShaderCompilers: Display: Shaders left to compile 7
[2019.03.04-19.41.08:023][837]LogShaderCompilers: Display: Shaders left to compile 6
[2019.03.04-19.41.08:098][846]LogShaderCompilers: Display: Shaders left to compile 5
[2019.03.04-19.41.08:249][864]LogShaderCompilers: Display: Shaders left to compile 4
[2019.03.04-19.41.08:258][865]LogShaderCompilers: Display: Shaders left to compile 3
[2019.03.04-19.41.08:551][900]LogShaderCompilers: Display: Shaders left to compile 2
[2019.03.04-19.41.08:575][903]LogShaderCompilers: Display: Shaders left to compile 1
[2019.03.04-19.41.08:904][942]MaterialEditorStats: Base pass shader: 109 instructions
[2019.03.04-19.41.08:904][942]MaterialEditorStats: Base pass shader with Volumetric Lightmap: 182 instructions
[2019.03.04-19.41.08:904][942]MaterialEditorStats: Base pass vertex shader: 36 instructions
[2019.03.04-19.41.08:904][942]MaterialEditorStats: Texture samplers: 5/16
[2019.03.04-19.41.08:904][942]MaterialEditorStats: Texture Lookups (Est.): VS(0), PS(2)
[2019.03.04-19.41.08:904][942]MaterialEditorStats: User interpolators: 2/4 Scalars (1/4 Vectors) (TexCoords: 2, Custom: 0)
[2019.03.04-19.41.11:041][198]LogMaterial: Display: Missing cached shader map for material m_LandscapePractice, compiling. 
[2019.03.04-19.41.11:055][199]LogShaderCompilers: Display: Shaders left to compile 21
[2019.03.04-19.41.11:055][199]LogShaderCompilers: Display: Shaders left to compile 20
[2019.03.04-19.41.11:055][199]LogShaderCompilers: Display: Shaders left to compile 19
[2019.03.04-19.41.11:056][199]LogShaderCompilers: Display: Shaders left to compile 18
[2019.03.04-19.41.11:254][223]LogShaderCompilers: Display: Shaders left to compile 17
[2019.03.04-19.41.11:262][224]LogShaderCompilers: Display: Shaders left to compile 16
[2019.03.04-19.41.11:270][225]LogShaderCompilers: Display: Shaders left to compile 15
[2019.03.04-19.41.11:278][226]LogShaderCompilers: Display: Shaders left to compile 14
[2019.03.04-19.41.11:411][242]LogShaderCompilers: Display: Shaders left to compile 13
[2019.03.04-19.41.11:411][242]LogShaderCompilers: Display: Shaders left to compile 12
[2019.03.04-19.41.11:429][244]LogShaderCompilers: Display: Shaders left to compile 11
[2019.03.04-19.41.11:436][245]LogShaderCompilers: Display: Shaders left to compile 10
[2019.03.04-19.41.11:554][259]LogShaderCompilers: Display: Shaders left to compile 9
[2019.03.04-19.41.11:655][271]LogShaderCompilers: Display: Shaders left to compile 8
[2019.03.04-19.41.11:771][285]LogShaderCompilers: Display: Shaders left to compile 7
[2019.03.04-19.41.11:795][288]LogShaderCompilers: Display: Shaders left to compile 6
[2019.03.04-19.41.11:896][300]LogShaderCompilers: Display: Shaders left to compile 5
[2019.03.04-19.41.11:977][309]LogMaterial: Display: Missing cached shader map for material m_LandscapePractice, compiling. 
[2019.03.04-19.41.11:989][309]LogShaderCompilers: Display: Shaders left to compile 21
[2019.03.04-19.41.12:009][312]LogShaderCompilers: Display: Shaders left to compile 20
[2019.03.04-19.41.12:158][330]LogShaderCompilers: Display: Shaders left to compile 19
[2019.03.04-19.41.12:200][335]LogShaderCompilers: Display: Shaders left to compile 18
[2019.03.04-19.41.12:207][336]LogShaderCompilers: Display: Shaders left to compile 17
[2019.03.04-19.41.12:275][344]LogShaderCompilers: Display: Shaders left to compile 16
[2019.03.04-19.41.12:341][352]LogShaderCompilers: Display: Shaders left to compile 15
[2019.03.04-19.41.12:350][353]LogShaderCompilers: Display: Shaders left to compile 14
[2019.03.04-19.41.12:367][355]LogShaderCompilers: Display: Shaders left to compile 13
[2019.03.04-19.41.12:417][361]LogShaderCompilers: Display: Shaders left to compile 12
[2019.03.04-19.41.12:475][368]LogShaderCompilers: Display: Shaders left to compile 11
[2019.03.04-19.41.12:492][370]LogShaderCompilers: Display: Shaders left to compile 10
[2019.03.04-19.41.12:517][373]LogShaderCompilers: Display: Shaders left to compile 9
[2019.03.04-19.41.12:709][396]LogShaderCompilers: Display: Shaders left to compile 8
[2019.03.04-19.41.12:758][402]LogShaderCompilers: Display: Shaders left to compile 7
[2019.03.04-19.41.12:842][412]LogShaderCompilers: Display: Shaders left to compile 6
[2019.03.04-19.41.12:851][413]LogShaderCompilers: Display: Shaders left to compile 5
[2019.03.04-19.41.12:975][428]LogShaderCompilers: Display: Shaders left to compile 4
[2019.03.04-19.41.13:051][437]LogShaderCompilers: Display: Shaders left to compile 3
[2019.03.04-19.41.13:175][452]LogShaderCompilers: Display: Shaders left to compile 2
[2019.03.04-19.41.13:193][454]LogShaderCompilers: Display: Shaders left to compile 1
[2019.03.04-19.41.13:471][487]MaterialEditorStats: Base pass shader: 109 instructions
[2019.03.04-19.41.13:471][487]MaterialEditorStats: Base pass shader with Volumetric Lightmap: 182 instructions
[2019.03.04-19.41.13:471][487]MaterialEditorStats: Base pass vertex shader: 36 instructions
[2019.03.04-19.41.13:471][487]MaterialEditorStats: Texture samplers: 5/16
[2019.03.04-19.41.13:471][487]MaterialEditorStats: Texture Lookups (Est.): VS(0), PS(2)
[2019.03.04-19.41.13:471][487]MaterialEditorStats: User interpolators: 2/4 Scalars (1/4 Vectors) (TexCoords: 2, Custom: 0)
[2019.03.04-19.41.14:234][578]LogMaterial: Display: Missing cached shader map for material m_LandscapePractice, compiling. 
[2019.03.04-19.41.14:246][578]LogMaterial: Display: Missing cached shader map for material m_LandscapePractice, compiling. 
[2019.03.04-19.41.14:272][581]LogShaderCompilers: Display: Shaders left to compile 21
[2019.03.04-19.41.14:272][581]LogShaderCompilers: Display: Shaders left to compile 20
[2019.03.04-19.41.14:272][581]LogShaderCompilers: Display: Shaders left to compile 19
[2019.03.04-19.41.14:272][581]LogShaderCompilers: Display: Shaders left to compile 18
[2019.03.04-19.41.14:464][604]LogShaderCompilers: Display: Shaders left to compile 17
[2019.03.04-19.41.14:497][608]LogShaderCompilers: Display: Shaders left to compile 16
[2019.03.04-19.41.14:497][608]LogShaderCompilers: Display: Shaders left to compile 15
[2019.03.04-19.41.14:513][610]LogShaderCompilers: Display: Shaders left to compile 14
[2019.03.04-19.41.14:640][625]LogShaderCompilers: Display: Shaders left to compile 13
[2019.03.04-19.41.14:648][626]LogShaderCompilers: Display: Shaders left to compile 12
[2019.03.04-19.41.14:664][628]LogShaderCompilers: Display: Shaders left to compile 11
[2019.03.04-19.41.14:681][630]LogShaderCompilers: Display: Shaders left to compile 10
[2019.03.04-19.41.14:789][643]LogShaderCompilers: Display: Shaders left to compile 9
[2019.03.04-19.41.14:898][656]LogShaderCompilers: Display: Shaders left to compile 8
[2019.03.04-19.41.15:023][671]LogShaderCompilers: Display: Shaders left to compile 7
[2019.03.04-19.41.15:039][673]LogShaderCompilers: Display: Shaders left to compile 6
[2019.03.04-19.41.15:131][684]LogShaderCompilers: Display: Shaders left to compile 5
[2019.03.04-19.41.15:233][696]LogShaderCompilers: Display: Shaders left to compile 4
[2019.03.04-19.41.15:240][697]LogShaderCompilers: Display: Shaders left to compile 3
[2019.03.04-19.41.15:406][717]LogShaderCompilers: Display: Shaders left to compile 2
[2019.03.04-19.41.15:439][721]LogShaderCompilers: Display: Shaders left to compile 1
[2019.03.04-19.41.15:701][752]MaterialEditorStats: Base pass shader: 109 instructions
[2019.03.04-19.41.15:702][752]MaterialEditorStats: Base pass shader with Volumetric Lightmap: 182 instructions
[2019.03.04-19.41.15:702][752]MaterialEditorStats: Base pass vertex shader: 36 instructions
[2019.03.04-19.41.15:702][752]MaterialEditorStats: Texture samplers: 5/16
[2019.03.04-19.41.15:702][752]MaterialEditorStats: Texture Lookups (Est.): VS(0), PS(2)
[2019.03.04-19.41.15:702][752]MaterialEditorStats: User interpolators: 2/4 Scalars (1/4 Vectors) (TexCoords: 2, Custom: 0)
[2019.03.04-19.41.18:368][ 72]LogMaterialEditor: Saving and Compiling material m_LandscapePractice
[2019.03.04-19.41.18:873][ 72]LogMaterial: Display: Missing cached shader map for material m_LandscapePractice, compiling. 
[2019.03.04-19.41.18:911][ 72]LogShaderCompilers: Display: Shaders left to compile 21
[2019.03.04-19.41.18:911][ 72]LogShaderCompilers: Display: Shaders left to compile 20
[2019.03.04-19.41.18:911][ 72]LogShaderCompilers: Display: Shaders left to compile 19
[2019.03.04-19.41.18:911][ 72]LogShaderCompilers: Display: Shaders left to compile 18
[2019.03.04-19.41.18:915][ 72]LogMaterial: Display: Missing cached shader map for material m_LandscapePractice, compiling. 
[2019.03.04-19.41.18:936][ 72]LogMaterial: Display: Missing cached shader map for material m_LandscapePractice, compiling. 
[2019.03.04-19.41.18:958][ 72]LogMaterial: Display: Missing cached shader map for material m_LandscapePractice, compiling. 
[2019.03.04-19.41.18:993][ 72]LogMaterial: Display: Missing cached shader map for material FDebugViewModeMaterialProxy m_LandscapePractice, compiling. 
[2019.03.04-19.41.20:293][ 72]LogShaderCompilers: Display: Shaders left to compile 44
[2019.03.04-19.41.20:293][ 72]LogShaderCompilers: Display: Shaders left to compile 43
[2019.03.04-19.41.20:293][ 72]LogShaderCompilers: Display: Shaders left to compile 42
[2019.03.04-19.41.20:293][ 72]LogShaderCompilers: Display: Shaders left to compile 41
[2019.03.04-19.41.20:293][ 72]LogShaderCompilers: Display: Shaders left to compile 40
[2019.03.04-19.41.20:293][ 72]LogShaderCompilers: Display: Shaders left to compile 39
[2019.03.04-19.41.20:293][ 72]LogShaderCompilers: Display: Shaders left to compile 38
[2019.03.04-19.41.20:293][ 72]LogShaderCompilers: Display: Shaders left to compile 37
[2019.03.04-19.41.20:293][ 72]LogShaderCompilers: Display: Shaders left to compile 36
[2019.03.04-19.41.20:293][ 72]LogShaderCompilers: Display: Shaders left to compile 35
[2019.03.04-19.41.20:293][ 72]LogShaderCompilers: Display: Shaders left to compile 34
[2019.03.04-19.41.20:293][ 72]LogShaderCompilers: Display: Shaders left to compile 33
[2019.03.04-19.41.20:293][ 72]LogShaderCompilers: Display: Shaders left to compile 32
[2019.03.04-19.41.20:293][ 72]LogShaderCompilers: Display: Shaders left to compile 31
[2019.03.04-19.41.20:293][ 72]LogShaderCompilers: Display: Shaders left to compile 30
[2019.03.04-19.41.20:293][ 72]LogShaderCompilers: Display: Shaders left to compile 29
[2019.03.04-19.41.20:293][ 72]LogShaderCompilers: Display: Shaders left to compile 28
[2019.03.04-19.41.20:293][ 72]LogShaderCompilers: Display: Shaders left to compile 27
[2019.03.04-19.41.20:293][ 72]LogShaderCompilers: Display: Shaders left to compile 26
[2019.03.04-19.41.20:293][ 72]LogShaderCompilers: Display: Shaders left to compile 25
[2019.03.04-19.41.20:293][ 72]LogShaderCompilers: Display: Shaders left to compile 24
[2019.03.04-19.41.20:293][ 72]LogShaderCompilers: Display: Shaders left to compile 23
[2019.03.04-19.41.20:293][ 72]LogShaderCompilers: Display: Shaders left to compile 22
[2019.03.04-19.41.20:293][ 72]LogShaderCompilers: Display: Shaders left to compile 12
[2019.03.04-19.41.20:293][ 72]LogShaderCompilers: Display: Shaders left to compile 2
[2019.03.04-19.41.20:295][ 72]TextureStreamingBuild: Display: Compiling optional shaders took 1.308 seconds.
[2019.03.04-19.41.22:270][ 72]Cmd: OBJ SAVEPACKAGE PACKAGE="/Game/Materials/m_LandscapePractice" FILE="../../../../../../Repos/UnrealTutorial/UnrealFiles/UE4Tutorial/Content/Materials/m_LandscapePractice.uasset" SILENT=true
[2019.03.04-19.41.22:496][ 72]LogSavePackage: Moving '../../../../../../Repos/UnrealTutorial/UnrealFiles/UE4Tutorial/Saved/m_LandscapePractice76302EEC4E55AA42DC84189C91284ED1.tmp' to '../../../../../../Repos/UnrealTutorial/UnrealFiles/UE4Tutorial/Content/Materials/m_LandscapePractice.uasset'
[2019.03.04-19.41.38:909][ 34]Cmd: OBJ SAVEPACKAGE PACKAGE="/Game/Materials/m_LandscapePractice" FILE="../../../../../../Repos/UnrealTutorial/UnrealFiles/UE4Tutorial/Content/Materials/m_LandscapePractice.uasset" SILENT=true
[2019.03.04-19.41.38:920][ 34]LogSavePackage: Moving '../../../../../../Repos/UnrealTutorial/UnrealFiles/UE4Tutorial/Saved/m_LandscapePractice62F99D37479A517E75C47C81CEC57322.tmp' to '../../../../../../Repos/UnrealTutorial/UnrealFiles/UE4Tutorial/Content/Materials/m_LandscapePractice.uasset'
